2017:09:19 10:14:47.209 WARN  --- [Test worker] o.s.b.t.j.DuplicateJsonObjectContextCustomizerFactory$DuplicateJsonObjectContextCustomizer : 

Found multiple occurrences of org.json.JSONObject on the class path:

	jar:file:/C:/Users/hyuk0/.gradle/caches/modules-2/files-2.1/org.json/json/20140107/d1ffca6e2482b002702c6a576166fd685e3370e3/json-20140107.jar!/org/json/JSONObject.class
	jar:file:/C:/Users/hyuk0/.gradle/caches/modules-2/files-2.1/com.vaadin.external.google/android-json/0.0.20131108.vaadin1/fa26d351fe62a6a17f5cda1287c1c6110dec413f/android-json-0.0.20131108.vaadin1.jar!/org/json/JSONObject.class

You may wish to exclude one of them to ensure predictable runtime behaviour
 
2017:09:19 10:14:47.228 INFO  --- [Test worker] o.b.h.HealthcareKihasaDataExtractorApplicationTests : Starting HealthcareKihasaDataExtractorApplicationTests on ANTHONY-KIM with PID 6292 (started by hyuk0 in D:\Development\workspaces\workspace_for_healthcare_integration_platform_splitted\healthcare-kihasa-data-extractor) 
2017:09:19 10:14:47.229 INFO  --- [Test worker] o.b.h.HealthcareKihasaDataExtractorApplicationTests : No active profile set, falling back to default profiles: default 
2017:09:19 10:14:47.261 INFO  --- [Test worker] o.s.w.c.s.GenericWebApplicationContext : Refreshing org.springframework.web.context.support.GenericWebApplicationContext@7f62d893: startup date [Tue Sep 19 10:14:47 KST 2017]; root of context hierarchy 
2017:09:19 10:14:48.041 INFO  --- [Test worker] o.s.b.f.s.DefaultListableBeanFactory : Overriding bean definition for bean 'dataSource' with a different definition: replacing [Root bean: class [null]; scope=; abstract=false; lazyInit=false; autowireMode=3; dependencyCheck=0; autowireCandidate=true; primary=false; factoryBeanName=org.springframework.boot.autoconfigure.jdbc.DataSourceConfiguration$Generic; factoryMethodName=dataSource; initMethodName=null; destroyMethodName=(inferred); defined in class path resource [org/springframework/boot/autoconfigure/jdbc/DataSourceConfiguration$Generic.class]] with [Root bean: class [null]; scope=; abstract=false; lazyInit=false; autowireMode=3; dependencyCheck=0; autowireCandidate=true; primary=false; factoryBeanName=org.springframework.boot.autoconfigure.jdbc.DataSourceConfiguration$Tomcat; factoryMethodName=dataSource; initMethodName=null; destroyMethodName=(inferred); defined in class path resource [org/springframework/boot/autoconfigure/jdbc/DataSourceConfiguration$Tomcat.class]] 
2017:09:19 10:14:48.437 INFO  --- [Test worker] o.s.b.f.a.AutowiredAnnotationBeanPostProcessor : JSR-330 'javax.inject.Inject' annotation found and supported for autowiring 
2017:09:19 10:14:48.481 INFO  --- [Test worker] o.s.c.s.PostProcessorRegistrationDelegate$BeanPostProcessorChecker : Bean 'org.springframework.amqp.rabbit.annotation.RabbitBootstrapConfiguration' of type [org.springframework.amqp.rabbit.annotation.RabbitBootstrapConfiguration$$EnhancerBySpringCGLIB$$af4df0f2] is not eligible for getting processed by all BeanPostProcessors (for example: not eligible for auto-proxying) 
2017:09:19 10:14:48.521 WARN  --- [Test worker] o.h.v.m.ParameterMessageInterpolator : HV000184: ParameterMessageInterpolator has been chosen, EL interpolation will not be supported 
2017:09:19 10:14:48.745 WARN  --- [Test worker] o.h.v.m.ParameterMessageInterpolator : HV000184: ParameterMessageInterpolator has been chosen, EL interpolation will not be supported 
2017:09:19 10:14:49.858 INFO  --- [Test worker] o.s.w.s.m.m.a.RequestMappingHandlerAdapter : Looking for @ControllerAdvice: org.springframework.web.context.support.GenericWebApplicationContext@7f62d893: startup date [Tue Sep 19 10:14:47 KST 2017]; root of context hierarchy 
2017:09:19 10:14:49.951 INFO  --- [Test worker] o.s.w.s.m.m.a.RequestMappingHandlerMapping : Mapped "{[/extraction/api/dataExtraction],methods=[POST],consumes=[application/json;charset=UTF-8]}" onto public org.bigdatacenter.healthcarekihasadataextractor.domain.extraction.response.ExtractionResponse org.bigdatacenter.healthcarekihasadataextractor.api.DataExtractionController.dataExtraction(org.bigdatacenter.healthcarekihasadataextractor.domain.extraction.parameter.ExtractionParameter,javax.servlet.http.HttpServletResponse) 
2017:09:19 10:14:49.956 INFO  --- [Test worker] o.s.w.s.m.m.a.RequestMappingHandlerMapping : Mapped "{[/error]}" onto public org.springframework.http.ResponseEntity<java.util.Map<java.lang.String, java.lang.Object>> org.springframework.boot.autoconfigure.web.BasicErrorController.error(javax.servlet.http.HttpServletRequest) 
2017:09:19 10:14:49.957 INFO  --- [Test worker] o.s.w.s.m.m.a.RequestMappingHandlerMapping : Mapped "{[/error],produces=[text/html]}" onto public org.springframework.web.servlet.ModelAndView org.springframework.boot.autoconfigure.web.BasicErrorController.errorHtml(javax.servlet.http.HttpServletRequest,javax.servlet.http.HttpServletResponse) 
2017:09:19 10:14:50.046 INFO  --- [Test worker] o.s.w.s.h.SimpleUrlHandlerMapping : Mapped URL path [/webjars/**] onto handler of type [class org.springframework.web.servlet.resource.ResourceHttpRequestHandler] 
2017:09:19 10:14:50.047 INFO  --- [Test worker] o.s.w.s.h.SimpleUrlHandlerMapping : Mapped URL path [/**] onto handler of type [class org.springframework.web.servlet.resource.ResourceHttpRequestHandler] 
2017:09:19 10:14:50.081 INFO  --- [Test worker] o.s.w.s.m.m.a.ExceptionHandlerExceptionResolver : Detected @ExceptionHandler methods in controllerAdviser 
2017:09:19 10:14:50.121 INFO  --- [Test worker] o.s.w.s.h.SimpleUrlHandlerMapping : Mapped URL path [/**/favicon.ico] onto handler of type [class org.springframework.web.servlet.resource.ResourceHttpRequestHandler] 
2017:09:19 10:14:50.702 INFO  --- [Test worker] o.s.c.s.DefaultLifecycleProcessor : Starting beans in phase -2147482648 
2017:09:19 10:14:50.703 INFO  --- [Test worker] o.s.c.s.DefaultLifecycleProcessor : Starting beans in phase 2147483647 
2017:09:19 10:14:50.949 INFO  --- [container-1] o.s.a.r.c.CachingConnectionFactory : Created new connection: rabbitConnectionFactory#ce4323c:0/SimpleConnection@4cb04a4e [delegate=amqp://rabbitmq@1.246.219.220:5672/, localPort= 62751] 
2017:09:19 10:14:50.955 INFO  --- [container-1] o.s.amqp.rabbit.core.RabbitAdmin : Auto-declaring a non-durable, auto-delete, or exclusive Queue (kihasa-extractor-queue) durable:false, auto-delete:false, exclusive:false. It will be redeclared if the broker stops and is restarted while the connection factory is alive, but all messages will be lost. 
2017:09:19 10:14:51.047 INFO  --- [Test worker] o.b.h.HealthcareKihasaDataExtractorApplicationTests : Started HealthcareKihasaDataExtractorApplicationTests in 4.309 seconds (JVM running for 6.071) 
2017:09:19 10:14:51.102 INFO  --- [Thread-5] o.s.w.c.s.GenericWebApplicationContext : Closing org.springframework.web.context.support.GenericWebApplicationContext@7f62d893: startup date [Tue Sep 19 10:14:47 KST 2017]; root of context hierarchy 
2017:09:19 10:14:51.104 INFO  --- [Thread-5] o.s.c.s.DefaultLifecycleProcessor : Stopping beans in phase 2147483647 
2017:09:19 10:14:51.112 INFO  --- [Thread-5] o.s.a.r.l.SimpleMessageListenerContainer : Waiting for workers to finish. 
2017:09:19 10:14:54.046 INFO  --- [Thread-5] o.s.a.r.l.SimpleMessageListenerContainer : Successfully waited for workers to finish. 
2017:09:19 10:14:54.047 INFO  --- [Thread-5] o.s.c.s.DefaultLifecycleProcessor : Stopping beans in phase -2147482648 
2017:09:19 10:30:56.163 WARN  --- [Test worker] o.s.b.t.j.DuplicateJsonObjectContextCustomizerFactory$DuplicateJsonObjectContextCustomizer : 

Found multiple occurrences of org.json.JSONObject on the class path:

	jar:file:/C:/Users/hyuk0/.gradle/caches/modules-2/files-2.1/org.json/json/20140107/d1ffca6e2482b002702c6a576166fd685e3370e3/json-20140107.jar!/org/json/JSONObject.class
	jar:file:/C:/Users/hyuk0/.gradle/caches/modules-2/files-2.1/com.vaadin.external.google/android-json/0.0.20131108.vaadin1/fa26d351fe62a6a17f5cda1287c1c6110dec413f/android-json-0.0.20131108.vaadin1.jar!/org/json/JSONObject.class

You may wish to exclude one of them to ensure predictable runtime behaviour
 
2017:09:19 10:30:56.181 INFO  --- [Test worker] o.b.h.HealthcareKihasaDataExtractorApplicationTests : Starting HealthcareKihasaDataExtractorApplicationTests on ANTHONY-KIM with PID 19608 (started by hyuk0 in D:\Development\workspaces\workspace_for_healthcare_integration_platform_splitted\healthcare-kihasa-data-extractor) 
2017:09:19 10:30:56.183 INFO  --- [Test worker] o.b.h.HealthcareKihasaDataExtractorApplicationTests : No active profile set, falling back to default profiles: default 
2017:09:19 10:30:56.214 INFO  --- [Test worker] o.s.w.c.s.GenericWebApplicationContext : Refreshing org.springframework.web.context.support.GenericWebApplicationContext@389fcf0e: startup date [Tue Sep 19 10:30:56 KST 2017]; root of context hierarchy 
2017:09:19 10:30:56.988 INFO  --- [Test worker] o.s.b.f.s.DefaultListableBeanFactory : Overriding bean definition for bean 'dataSource' with a different definition: replacing [Root bean: class [null]; scope=; abstract=false; lazyInit=false; autowireMode=3; dependencyCheck=0; autowireCandidate=true; primary=false; factoryBeanName=org.springframework.boot.autoconfigure.jdbc.DataSourceConfiguration$Generic; factoryMethodName=dataSource; initMethodName=null; destroyMethodName=(inferred); defined in class path resource [org/springframework/boot/autoconfigure/jdbc/DataSourceConfiguration$Generic.class]] with [Root bean: class [null]; scope=; abstract=false; lazyInit=false; autowireMode=3; dependencyCheck=0; autowireCandidate=true; primary=false; factoryBeanName=org.springframework.boot.autoconfigure.jdbc.DataSourceConfiguration$Tomcat; factoryMethodName=dataSource; initMethodName=null; destroyMethodName=(inferred); defined in class path resource [org/springframework/boot/autoconfigure/jdbc/DataSourceConfiguration$Tomcat.class]] 
2017:09:19 10:30:57.392 INFO  --- [Test worker] o.s.b.f.a.AutowiredAnnotationBeanPostProcessor : JSR-330 'javax.inject.Inject' annotation found and supported for autowiring 
2017:09:19 10:30:57.439 INFO  --- [Test worker] o.s.c.s.PostProcessorRegistrationDelegate$BeanPostProcessorChecker : Bean 'org.springframework.amqp.rabbit.annotation.RabbitBootstrapConfiguration' of type [org.springframework.amqp.rabbit.annotation.RabbitBootstrapConfiguration$$EnhancerBySpringCGLIB$$88b48485] is not eligible for getting processed by all BeanPostProcessors (for example: not eligible for auto-proxying) 
2017:09:19 10:30:57.488 WARN  --- [Test worker] o.h.v.m.ParameterMessageInterpolator : HV000184: ParameterMessageInterpolator has been chosen, EL interpolation will not be supported 
2017:09:19 10:30:57.775 WARN  --- [Test worker] o.h.v.m.ParameterMessageInterpolator : HV000184: ParameterMessageInterpolator has been chosen, EL interpolation will not be supported 
2017:09:19 10:30:58.894 INFO  --- [Test worker] o.s.w.s.m.m.a.RequestMappingHandlerAdapter : Looking for @ControllerAdvice: org.springframework.web.context.support.GenericWebApplicationContext@389fcf0e: startup date [Tue Sep 19 10:30:56 KST 2017]; root of context hierarchy 
2017:09:19 10:30:59.007 INFO  --- [Test worker] o.s.w.s.m.m.a.RequestMappingHandlerMapping : Mapped "{[/extraction/api/dataExtraction],methods=[POST],consumes=[application/json;charset=UTF-8]}" onto public org.bigdatacenter.healthcarekihasadataextractor.domain.extraction.response.ExtractionResponse org.bigdatacenter.healthcarekihasadataextractor.api.DataExtractionController.dataExtraction(org.bigdatacenter.healthcarekihasadataextractor.domain.extraction.parameter.ExtractionParameter,javax.servlet.http.HttpServletResponse) 
2017:09:19 10:30:59.011 INFO  --- [Test worker] o.s.w.s.m.m.a.RequestMappingHandlerMapping : Mapped "{[/error]}" onto public org.springframework.http.ResponseEntity<java.util.Map<java.lang.String, java.lang.Object>> org.springframework.boot.autoconfigure.web.BasicErrorController.error(javax.servlet.http.HttpServletRequest) 
2017:09:19 10:30:59.013 INFO  --- [Test worker] o.s.w.s.m.m.a.RequestMappingHandlerMapping : Mapped "{[/error],produces=[text/html]}" onto public org.springframework.web.servlet.ModelAndView org.springframework.boot.autoconfigure.web.BasicErrorController.errorHtml(javax.servlet.http.HttpServletRequest,javax.servlet.http.HttpServletResponse) 
2017:09:19 10:30:59.073 INFO  --- [Test worker] o.s.w.s.h.SimpleUrlHandlerMapping : Mapped URL path [/webjars/**] onto handler of type [class org.springframework.web.servlet.resource.ResourceHttpRequestHandler] 
2017:09:19 10:30:59.073 INFO  --- [Test worker] o.s.w.s.h.SimpleUrlHandlerMapping : Mapped URL path [/**] onto handler of type [class org.springframework.web.servlet.resource.ResourceHttpRequestHandler] 
2017:09:19 10:30:59.097 INFO  --- [Test worker] o.s.w.s.m.m.a.ExceptionHandlerExceptionResolver : Detected @ExceptionHandler methods in controllerAdviser 
2017:09:19 10:30:59.136 INFO  --- [Test worker] o.s.w.s.h.SimpleUrlHandlerMapping : Mapped URL path [/**/favicon.ico] onto handler of type [class org.springframework.web.servlet.resource.ResourceHttpRequestHandler] 
2017:09:19 10:30:59.603 INFO  --- [Test worker] o.s.c.s.DefaultLifecycleProcessor : Starting beans in phase -2147482648 
2017:09:19 10:30:59.604 INFO  --- [Test worker] o.s.c.s.DefaultLifecycleProcessor : Starting beans in phase 2147483647 
2017:09:19 10:30:59.853 INFO  --- [container-1] o.s.a.r.c.CachingConnectionFactory : Created new connection: rabbitConnectionFactory#7cc2d4c8:0/SimpleConnection@3addaf86 [delegate=amqp://rabbitmq@1.246.219.220:5672/, localPort= 63186] 
2017:09:19 10:30:59.857 INFO  --- [container-1] o.s.amqp.rabbit.core.RabbitAdmin : Auto-declaring a non-durable, auto-delete, or exclusive Queue (kihasa-extractor-queue) durable:false, auto-delete:false, exclusive:false. It will be redeclared if the broker stops and is restarted while the connection factory is alive, but all messages will be lost. 
2017:09:19 10:30:59.927 INFO  --- [Test worker] o.b.h.HealthcareKihasaDataExtractorApplicationTests : Started HealthcareKihasaDataExtractorApplicationTests in 4.151 seconds (JVM running for 5.792) 
2017:09:19 10:30:59.989 INFO  --- [Thread-5] o.s.w.c.s.GenericWebApplicationContext : Closing org.springframework.web.context.support.GenericWebApplicationContext@389fcf0e: startup date [Tue Sep 19 10:30:56 KST 2017]; root of context hierarchy 
2017:09:19 10:30:59.991 INFO  --- [Thread-5] o.s.c.s.DefaultLifecycleProcessor : Stopping beans in phase 2147483647 
2017:09:19 10:30:59.998 INFO  --- [Thread-5] o.s.a.r.l.SimpleMessageListenerContainer : Waiting for workers to finish. 
2017:09:19 10:31:02.920 INFO  --- [Thread-5] o.s.a.r.l.SimpleMessageListenerContainer : Successfully waited for workers to finish. 
2017:09:19 10:31:02.922 INFO  --- [Thread-5] o.s.c.s.DefaultLifecycleProcessor : Stopping beans in phase -2147482648 
