2017:09:08 11:36:06.534 WARN  --- [Test worker] o.s.b.t.j.DuplicateJsonObjectContextCustomizerFactory$DuplicateJsonObjectContextCustomizer : 

Found multiple occurrences of org.json.JSONObject on the class path:

	jar:file:/C:/Users/hyuk0/.gradle/caches/modules-2/files-2.1/org.json/json/20140107/d1ffca6e2482b002702c6a576166fd685e3370e3/json-20140107.jar!/org/json/JSONObject.class
	jar:file:/C:/Users/hyuk0/.gradle/caches/modules-2/files-2.1/com.vaadin.external.google/android-json/0.0.20131108.vaadin1/fa26d351fe62a6a17f5cda1287c1c6110dec413f/android-json-0.0.20131108.vaadin1.jar!/org/json/JSONObject.class

You may wish to exclude one of them to ensure predictable runtime behaviour
 
2017:09:08 11:36:06.555 INFO  --- [Test worker] o.b.h.HealthcareKihasaDataExtractorApplicationTests : Starting HealthcareKihasaDataExtractorApplicationTests on ANTHONY-KIM with PID 11484 (started by hyuk0 in D:\Development\workspaces\workspace_for_healthcare_integration_platform_splitted\healthcare-kihasa-data-extractor) 
2017:09:08 11:36:06.557 INFO  --- [Test worker] o.b.h.HealthcareKihasaDataExtractorApplicationTests : No active profile set, falling back to default profiles: default 
2017:09:08 11:36:06.600 INFO  --- [Test worker] o.s.w.c.s.GenericWebApplicationContext : Refreshing org.springframework.web.context.support.GenericWebApplicationContext@7f62d893: startup date [Fri Sep 08 11:36:06 KST 2017]; root of context hierarchy 
2017:09:08 11:36:07.655 INFO  --- [Test worker] o.s.b.f.s.DefaultListableBeanFactory : Overriding bean definition for bean 'dataSource' with a different definition: replacing [Root bean: class [null]; scope=; abstract=false; lazyInit=false; autowireMode=3; dependencyCheck=0; autowireCandidate=true; primary=false; factoryBeanName=org.springframework.boot.autoconfigure.jdbc.DataSourceConfiguration$Generic; factoryMethodName=dataSource; initMethodName=null; destroyMethodName=(inferred); defined in class path resource [org/springframework/boot/autoconfigure/jdbc/DataSourceConfiguration$Generic.class]] with [Root bean: class [null]; scope=; abstract=false; lazyInit=false; autowireMode=3; dependencyCheck=0; autowireCandidate=true; primary=false; factoryBeanName=org.springframework.boot.autoconfigure.jdbc.DataSourceConfiguration$Tomcat; factoryMethodName=dataSource; initMethodName=null; destroyMethodName=(inferred); defined in class path resource [org/springframework/boot/autoconfigure/jdbc/DataSourceConfiguration$Tomcat.class]] 
2017:09:08 11:36:08.259 INFO  --- [Test worker] o.s.b.f.a.AutowiredAnnotationBeanPostProcessor : JSR-330 'javax.inject.Inject' annotation found and supported for autowiring 
2017:09:08 11:36:08.335 INFO  --- [Test worker] o.s.c.s.PostProcessorRegistrationDelegate$BeanPostProcessorChecker : Bean 'org.springframework.amqp.rabbit.annotation.RabbitBootstrapConfiguration' of type [org.springframework.amqp.rabbit.annotation.RabbitBootstrapConfiguration$$EnhancerBySpringCGLIB$$2f0b26a8] is not eligible for getting processed by all BeanPostProcessors (for example: not eligible for auto-proxying) 
2017:09:08 11:36:08.437 WARN  --- [Test worker] o.h.v.m.ParameterMessageInterpolator : HV000184: ParameterMessageInterpolator has been chosen, EL interpolation will not be supported 
2017:09:08 11:36:08.929 WARN  --- [Test worker] o.h.v.m.ParameterMessageInterpolator : HV000184: ParameterMessageInterpolator has been chosen, EL interpolation will not be supported 
2017:09:08 11:36:10.562 INFO  --- [Test worker] o.s.w.s.m.m.a.RequestMappingHandlerAdapter : Looking for @ControllerAdvice: org.springframework.web.context.support.GenericWebApplicationContext@7f62d893: startup date [Fri Sep 08 11:36:06 KST 2017]; root of context hierarchy 
2017:09:08 11:36:10.679 INFO  --- [Test worker] o.s.w.s.m.m.a.RequestMappingHandlerMapping : Mapped "{[/extraction/api/dataExtraction],methods=[POST],consumes=[application/json;charset=UTF-8]}" onto public org.bigdatacenter.healthcarekihasadataextractor.domain.extraction.response.ExtractionResponse org.bigdatacenter.healthcarekihasadataextractor.api.DataExtractionController.dataExtraction(org.bigdatacenter.healthcarekihasadataextractor.domain.extraction.parameter.ExtractionParameter,javax.servlet.http.HttpServletResponse) 
2017:09:08 11:36:10.683 INFO  --- [Test worker] o.s.w.s.m.m.a.RequestMappingHandlerMapping : Mapped "{[/error]}" onto public org.springframework.http.ResponseEntity<java.util.Map<java.lang.String, java.lang.Object>> org.springframework.boot.autoconfigure.web.BasicErrorController.error(javax.servlet.http.HttpServletRequest) 
2017:09:08 11:36:10.686 INFO  --- [Test worker] o.s.w.s.m.m.a.RequestMappingHandlerMapping : Mapped "{[/error],produces=[text/html]}" onto public org.springframework.web.servlet.ModelAndView org.springframework.boot.autoconfigure.web.BasicErrorController.errorHtml(javax.servlet.http.HttpServletRequest,javax.servlet.http.HttpServletResponse) 
2017:09:08 11:36:10.758 INFO  --- [Test worker] o.s.w.s.h.SimpleUrlHandlerMapping : Mapped URL path [/webjars/**] onto handler of type [class org.springframework.web.servlet.resource.ResourceHttpRequestHandler] 
2017:09:08 11:36:10.759 INFO  --- [Test worker] o.s.w.s.h.SimpleUrlHandlerMapping : Mapped URL path [/**] onto handler of type [class org.springframework.web.servlet.resource.ResourceHttpRequestHandler] 
2017:09:08 11:36:10.789 INFO  --- [Test worker] o.s.w.s.m.m.a.ExceptionHandlerExceptionResolver : Detected @ExceptionHandler methods in controllerAdviser 
2017:09:08 11:36:10.832 INFO  --- [Test worker] o.s.w.s.h.SimpleUrlHandlerMapping : Mapped URL path [/**/favicon.ico] onto handler of type [class org.springframework.web.servlet.resource.ResourceHttpRequestHandler] 
2017:09:08 11:36:11.449 INFO  --- [Test worker] o.s.c.s.DefaultLifecycleProcessor : Starting beans in phase -2147482648 
2017:09:08 11:36:11.450 INFO  --- [Test worker] o.s.c.s.DefaultLifecycleProcessor : Starting beans in phase 2147483647 
2017:09:08 11:36:11.594 INFO  --- [container-1] o.s.a.r.c.CachingConnectionFactory : Created new connection: rabbitConnectionFactory#4adbfe61:0/SimpleConnection@1ec165a6 [delegate=amqp://rabbitmq@1.246.219.220:5672/, localPort= 64393] 
2017:09:08 11:36:11.600 INFO  --- [container-1] o.s.amqp.rabbit.core.RabbitAdmin : Auto-declaring a non-durable, auto-delete, or exclusive Queue (kihasa-extractor-queue) durable:false, auto-delete:false, exclusive:false. It will be redeclared if the broker stops and is restarted while the connection factory is alive, but all messages will be lost. 
2017:09:08 11:36:11.724 INFO  --- [Test worker] o.b.h.HealthcareKihasaDataExtractorApplicationTests : Started HealthcareKihasaDataExtractorApplicationTests in 5.668 seconds (JVM running for 7.312) 
2017:09:08 11:36:11.927 INFO  --- [Thread-5] o.s.w.c.s.GenericWebApplicationContext : Closing org.springframework.web.context.support.GenericWebApplicationContext@7f62d893: startup date [Fri Sep 08 11:36:06 KST 2017]; root of context hierarchy 
2017:09:08 11:36:11.930 INFO  --- [Thread-5] o.s.c.s.DefaultLifecycleProcessor : Stopping beans in phase 2147483647 
2017:09:08 11:36:11.936 INFO  --- [Thread-5] o.s.a.r.l.SimpleMessageListenerContainer : Waiting for workers to finish. 
2017:09:08 11:36:14.718 INFO  --- [Thread-5] o.s.a.r.l.SimpleMessageListenerContainer : Successfully waited for workers to finish. 
2017:09:08 11:36:14.720 INFO  --- [Thread-5] o.s.c.s.DefaultLifecycleProcessor : Stopping beans in phase -2147482648 
