2017:08:29 14:28:59.019 WARN  --- [Test worker] o.s.b.t.j.DuplicateJsonObjectContextCustomizerFactory$DuplicateJsonObjectContextCustomizer : 

Found multiple occurrences of org.json.JSONObject on the class path:

	jar:file:/C:/Users/hyuk0/.gradle/caches/modules-2/files-2.1/org.json/json/20140107/d1ffca6e2482b002702c6a576166fd685e3370e3/json-20140107.jar!/org/json/JSONObject.class
	jar:file:/C:/Users/hyuk0/.gradle/caches/modules-2/files-2.1/com.vaadin.external.google/android-json/0.0.20131108.vaadin1/fa26d351fe62a6a17f5cda1287c1c6110dec413f/android-json-0.0.20131108.vaadin1.jar!/org/json/JSONObject.class

You may wish to exclude one of them to ensure predictable runtime behaviour
 
2017:08:29 14:28:59.047 INFO  --- [Test worker] o.b.h.HealthcareKihasaDataExtractorApplicationTests : Starting HealthcareKihasaDataExtractorApplicationTests on ANTHONY-KIM with PID 7748 (started by hyuk0 in D:\Development\workspaces\workspace_for_healthcare_integration_platform_splitted\healthcare-kihasa-data-extractor) 
2017:08:29 14:28:59.050 INFO  --- [Test worker] o.b.h.HealthcareKihasaDataExtractorApplicationTests : No active profile set, falling back to default profiles: default 
2017:08:29 14:28:59.093 INFO  --- [Test worker] o.s.w.c.s.GenericWebApplicationContext : Refreshing org.springframework.web.context.support.GenericWebApplicationContext@7f62d893: startup date [Tue Aug 29 14:28:59 KST 2017]; root of context hierarchy 
2017:08:29 14:28:59.932 INFO  --- [Test worker] o.s.b.f.s.DefaultListableBeanFactory : Overriding bean definition for bean 'dataSource' with a different definition: replacing [Root bean: class [null]; scope=; abstract=false; lazyInit=false; autowireMode=3; dependencyCheck=0; autowireCandidate=true; primary=false; factoryBeanName=org.springframework.boot.autoconfigure.jdbc.DataSourceConfiguration$Generic; factoryMethodName=dataSource; initMethodName=null; destroyMethodName=(inferred); defined in class path resource [org/springframework/boot/autoconfigure/jdbc/DataSourceConfiguration$Generic.class]] with [Root bean: class [null]; scope=; abstract=false; lazyInit=false; autowireMode=3; dependencyCheck=0; autowireCandidate=true; primary=false; factoryBeanName=org.springframework.boot.autoconfigure.jdbc.DataSourceConfiguration$Tomcat; factoryMethodName=dataSource; initMethodName=null; destroyMethodName=(inferred); defined in class path resource [org/springframework/boot/autoconfigure/jdbc/DataSourceConfiguration$Tomcat.class]] 
2017:08:29 14:29:00.347 INFO  --- [Test worker] o.s.b.f.a.AutowiredAnnotationBeanPostProcessor : JSR-330 'javax.inject.Inject' annotation found and supported for autowiring 
2017:08:29 14:29:00.386 INFO  --- [Test worker] o.s.c.s.PostProcessorRegistrationDelegate$BeanPostProcessorChecker : Bean 'org.springframework.amqp.rabbit.annotation.RabbitBootstrapConfiguration' of type [org.springframework.amqp.rabbit.annotation.RabbitBootstrapConfiguration$$EnhancerBySpringCGLIB$$830c9629] is not eligible for getting processed by all BeanPostProcessors (for example: not eligible for auto-proxying) 
2017:08:29 14:29:00.423 WARN  --- [Test worker] o.h.v.m.ParameterMessageInterpolator : HV000184: ParameterMessageInterpolator has been chosen, EL interpolation will not be supported 
2017:08:29 14:29:00.633 WARN  --- [Test worker] o.h.v.m.ParameterMessageInterpolator : HV000184: ParameterMessageInterpolator has been chosen, EL interpolation will not be supported 
2017:08:29 14:29:01.815 INFO  --- [Test worker] o.s.w.s.m.m.a.RequestMappingHandlerAdapter : Looking for @ControllerAdvice: org.springframework.web.context.support.GenericWebApplicationContext@7f62d893: startup date [Tue Aug 29 14:28:59 KST 2017]; root of context hierarchy 
2017:08:29 14:29:01.947 INFO  --- [Test worker] o.s.w.s.m.m.a.RequestMappingHandlerMapping : Mapped "{[/extraction/api/dataExtraction],methods=[POST],consumes=[application/json;charset=UTF-8]}" onto public org.bigdatacenter.healthcarekihasadataextractor.domain.extraction.response.ExtractionResponse org.bigdatacenter.healthcarekihasadataextractor.api.DataExtractionController.dataExtraction(org.bigdatacenter.healthcarekihasadataextractor.domain.extraction.parameter.ExtractionParameter,javax.servlet.http.HttpServletResponse) 
2017:08:29 14:29:01.952 INFO  --- [Test worker] o.s.w.s.m.m.a.RequestMappingHandlerMapping : Mapped "{[/error]}" onto public org.springframework.http.ResponseEntity<java.util.Map<java.lang.String, java.lang.Object>> org.springframework.boot.autoconfigure.web.BasicErrorController.error(javax.servlet.http.HttpServletRequest) 
2017:08:29 14:29:01.954 INFO  --- [Test worker] o.s.w.s.m.m.a.RequestMappingHandlerMapping : Mapped "{[/error],produces=[text/html]}" onto public org.springframework.web.servlet.ModelAndView org.springframework.boot.autoconfigure.web.BasicErrorController.errorHtml(javax.servlet.http.HttpServletRequest,javax.servlet.http.HttpServletResponse) 
2017:08:29 14:29:02.020 INFO  --- [Test worker] o.s.w.s.h.SimpleUrlHandlerMapping : Mapped URL path [/webjars/**] onto handler of type [class org.springframework.web.servlet.resource.ResourceHttpRequestHandler] 
2017:08:29 14:29:02.021 INFO  --- [Test worker] o.s.w.s.h.SimpleUrlHandlerMapping : Mapped URL path [/**] onto handler of type [class org.springframework.web.servlet.resource.ResourceHttpRequestHandler] 
2017:08:29 14:29:02.057 INFO  --- [Test worker] o.s.w.s.m.m.a.ExceptionHandlerExceptionResolver : Detected @ExceptionHandler methods in controllerAdviser 
2017:08:29 14:29:02.123 INFO  --- [Test worker] o.s.w.s.h.SimpleUrlHandlerMapping : Mapped URL path [/**/favicon.ico] onto handler of type [class org.springframework.web.servlet.resource.ResourceHttpRequestHandler] 
2017:08:29 14:29:02.586 INFO  --- [Test worker] o.s.c.s.DefaultLifecycleProcessor : Starting beans in phase -2147482648 
2017:08:29 14:29:02.587 INFO  --- [Test worker] o.s.c.s.DefaultLifecycleProcessor : Starting beans in phase 2147483647 
2017:08:29 14:29:02.773 INFO  --- [container-1] o.s.a.r.c.CachingConnectionFactory : Created new connection: rabbitConnectionFactory#55c19149:0/SimpleConnection@27581934 [delegate=amqp://rabbitmq@1.246.219.220:5672/, localPort= 61274] 
2017:08:29 14:29:02.778 INFO  --- [container-1] o.s.amqp.rabbit.core.RabbitAdmin : Auto-declaring a non-durable, auto-delete, or exclusive Queue (kihasa-extractor-queue) durable:false, auto-delete:false, exclusive:false. It will be redeclared if the broker stops and is restarted while the connection factory is alive, but all messages will be lost. 
2017:08:29 14:29:02.857 INFO  --- [Test worker] o.b.h.HealthcareKihasaDataExtractorApplicationTests : Started HealthcareKihasaDataExtractorApplicationTests in 4.284 seconds (JVM running for 5.675) 
2017:08:29 14:29:02.922 INFO  --- [Thread-5] o.s.w.c.s.GenericWebApplicationContext : Closing org.springframework.web.context.support.GenericWebApplicationContext@7f62d893: startup date [Tue Aug 29 14:28:59 KST 2017]; root of context hierarchy 
2017:08:29 14:29:02.925 INFO  --- [Thread-5] o.s.c.s.DefaultLifecycleProcessor : Stopping beans in phase 2147483647 
2017:08:29 14:29:02.937 INFO  --- [Thread-5] o.s.a.r.l.SimpleMessageListenerContainer : Waiting for workers to finish. 
2017:08:29 14:29:05.852 INFO  --- [Thread-5] o.s.a.r.l.SimpleMessageListenerContainer : Successfully waited for workers to finish. 
2017:08:29 14:29:05.853 INFO  --- [Thread-5] o.s.c.s.DefaultLifecycleProcessor : Stopping beans in phase -2147482648 
2017:08:29 15:40:16.803 WARN  --- [Test worker] o.s.b.t.j.DuplicateJsonObjectContextCustomizerFactory$DuplicateJsonObjectContextCustomizer : 

Found multiple occurrences of org.json.JSONObject on the class path:

	jar:file:/C:/Users/hyuk0/.gradle/caches/modules-2/files-2.1/org.json/json/20140107/d1ffca6e2482b002702c6a576166fd685e3370e3/json-20140107.jar!/org/json/JSONObject.class
	jar:file:/C:/Users/hyuk0/.gradle/caches/modules-2/files-2.1/com.vaadin.external.google/android-json/0.0.20131108.vaadin1/fa26d351fe62a6a17f5cda1287c1c6110dec413f/android-json-0.0.20131108.vaadin1.jar!/org/json/JSONObject.class

You may wish to exclude one of them to ensure predictable runtime behaviour
 
2017:08:29 15:40:16.823 INFO  --- [Test worker] o.b.h.HealthcareKihasaDataExtractorApplicationTests : Starting HealthcareKihasaDataExtractorApplicationTests on ANTHONY-KIM with PID 5348 (started by hyuk0 in D:\Development\workspaces\workspace_for_healthcare_integration_platform_splitted\healthcare-kihasa-data-extractor) 
2017:08:29 15:40:16.825 INFO  --- [Test worker] o.b.h.HealthcareKihasaDataExtractorApplicationTests : No active profile set, falling back to default profiles: default 
2017:08:29 15:40:16.858 INFO  --- [Test worker] o.s.w.c.s.GenericWebApplicationContext : Refreshing org.springframework.web.context.support.GenericWebApplicationContext@7f62d893: startup date [Tue Aug 29 15:40:16 KST 2017]; root of context hierarchy 
2017:08:29 15:40:17.609 INFO  --- [Test worker] o.s.b.f.s.DefaultListableBeanFactory : Overriding bean definition for bean 'dataSource' with a different definition: replacing [Root bean: class [null]; scope=; abstract=false; lazyInit=false; autowireMode=3; dependencyCheck=0; autowireCandidate=true; primary=false; factoryBeanName=org.springframework.boot.autoconfigure.jdbc.DataSourceConfiguration$Generic; factoryMethodName=dataSource; initMethodName=null; destroyMethodName=(inferred); defined in class path resource [org/springframework/boot/autoconfigure/jdbc/DataSourceConfiguration$Generic.class]] with [Root bean: class [null]; scope=; abstract=false; lazyInit=false; autowireMode=3; dependencyCheck=0; autowireCandidate=true; primary=false; factoryBeanName=org.springframework.boot.autoconfigure.jdbc.DataSourceConfiguration$Tomcat; factoryMethodName=dataSource; initMethodName=null; destroyMethodName=(inferred); defined in class path resource [org/springframework/boot/autoconfigure/jdbc/DataSourceConfiguration$Tomcat.class]] 
2017:08:29 15:40:18.163 INFO  --- [Test worker] o.s.b.f.a.AutowiredAnnotationBeanPostProcessor : JSR-330 'javax.inject.Inject' annotation found and supported for autowiring 
2017:08:29 15:40:18.215 INFO  --- [Test worker] o.s.c.s.PostProcessorRegistrationDelegate$BeanPostProcessorChecker : Bean 'org.springframework.amqp.rabbit.annotation.RabbitBootstrapConfiguration' of type [org.springframework.amqp.rabbit.annotation.RabbitBootstrapConfiguration$$EnhancerBySpringCGLIB$$830c9629] is not eligible for getting processed by all BeanPostProcessors (for example: not eligible for auto-proxying) 
2017:08:29 15:40:18.267 WARN  --- [Test worker] o.h.v.m.ParameterMessageInterpolator : HV000184: ParameterMessageInterpolator has been chosen, EL interpolation will not be supported 
2017:08:29 15:40:18.491 WARN  --- [Test worker] o.h.v.m.ParameterMessageInterpolator : HV000184: ParameterMessageInterpolator has been chosen, EL interpolation will not be supported 
2017:08:29 15:40:19.756 INFO  --- [Test worker] o.s.w.s.m.m.a.RequestMappingHandlerAdapter : Looking for @ControllerAdvice: org.springframework.web.context.support.GenericWebApplicationContext@7f62d893: startup date [Tue Aug 29 15:40:16 KST 2017]; root of context hierarchy 
2017:08:29 15:40:19.836 INFO  --- [Test worker] o.s.w.s.m.m.a.RequestMappingHandlerMapping : Mapped "{[/extraction/api/dataExtraction],methods=[POST],consumes=[application/json;charset=UTF-8]}" onto public org.bigdatacenter.healthcarekihasadataextractor.domain.extraction.response.ExtractionResponse org.bigdatacenter.healthcarekihasadataextractor.api.DataExtractionController.dataExtraction(org.bigdatacenter.healthcarekihasadataextractor.domain.extraction.parameter.ExtractionParameter,javax.servlet.http.HttpServletResponse) 
2017:08:29 15:40:19.841 INFO  --- [Test worker] o.s.w.s.m.m.a.RequestMappingHandlerMapping : Mapped "{[/error]}" onto public org.springframework.http.ResponseEntity<java.util.Map<java.lang.String, java.lang.Object>> org.springframework.boot.autoconfigure.web.BasicErrorController.error(javax.servlet.http.HttpServletRequest) 
2017:08:29 15:40:19.842 INFO  --- [Test worker] o.s.w.s.m.m.a.RequestMappingHandlerMapping : Mapped "{[/error],produces=[text/html]}" onto public org.springframework.web.servlet.ModelAndView org.springframework.boot.autoconfigure.web.BasicErrorController.errorHtml(javax.servlet.http.HttpServletRequest,javax.servlet.http.HttpServletResponse) 
2017:08:29 15:40:19.912 INFO  --- [Test worker] o.s.w.s.h.SimpleUrlHandlerMapping : Mapped URL path [/webjars/**] onto handler of type [class org.springframework.web.servlet.resource.ResourceHttpRequestHandler] 
2017:08:29 15:40:19.913 INFO  --- [Test worker] o.s.w.s.h.SimpleUrlHandlerMapping : Mapped URL path [/**] onto handler of type [class org.springframework.web.servlet.resource.ResourceHttpRequestHandler] 
2017:08:29 15:40:19.939 INFO  --- [Test worker] o.s.w.s.m.m.a.ExceptionHandlerExceptionResolver : Detected @ExceptionHandler methods in controllerAdviser 
2017:08:29 15:40:19.975 INFO  --- [Test worker] o.s.w.s.h.SimpleUrlHandlerMapping : Mapped URL path [/**/favicon.ico] onto handler of type [class org.springframework.web.servlet.resource.ResourceHttpRequestHandler] 
2017:08:29 15:40:20.379 INFO  --- [Test worker] o.s.c.s.DefaultLifecycleProcessor : Starting beans in phase -2147482648 
2017:08:29 15:40:20.380 INFO  --- [Test worker] o.s.c.s.DefaultLifecycleProcessor : Starting beans in phase 2147483647 
2017:08:29 15:40:20.929 INFO  --- [container-1] o.s.a.r.c.CachingConnectionFactory : Created new connection: rabbitConnectionFactory#76094872:0/SimpleConnection@1376a73e [delegate=amqp://rabbitmq@1.246.219.220:5672/, localPort= 63332] 
2017:08:29 15:40:20.934 INFO  --- [container-1] o.s.amqp.rabbit.core.RabbitAdmin : Auto-declaring a non-durable, auto-delete, or exclusive Queue (kihasa-extractor-queue) durable:false, auto-delete:false, exclusive:false. It will be redeclared if the broker stops and is restarted while the connection factory is alive, but all messages will be lost. 
2017:08:29 15:40:21.233 INFO  --- [Test worker] o.b.h.HealthcareKihasaDataExtractorApplicationTests : Started HealthcareKihasaDataExtractorApplicationTests in 4.802 seconds (JVM running for 6.217) 
2017:08:29 15:40:21.308 INFO  --- [Thread-5] o.s.w.c.s.GenericWebApplicationContext : Closing org.springframework.web.context.support.GenericWebApplicationContext@7f62d893: startup date [Tue Aug 29 15:40:16 KST 2017]; root of context hierarchy 
2017:08:29 15:40:21.312 INFO  --- [Thread-5] o.s.c.s.DefaultLifecycleProcessor : Stopping beans in phase 2147483647 
2017:08:29 15:40:21.386 INFO  --- [Thread-5] o.s.a.r.l.SimpleMessageListenerContainer : Waiting for workers to finish. 
2017:08:29 15:40:24.263 INFO  --- [Thread-5] o.s.a.r.l.SimpleMessageListenerContainer : Successfully waited for workers to finish. 
2017:08:29 15:40:24.264 INFO  --- [Thread-5] o.s.c.s.DefaultLifecycleProcessor : Stopping beans in phase -2147482648 
2017:08:29 15:45:55.245 WARN  --- [Test worker] o.s.b.t.j.DuplicateJsonObjectContextCustomizerFactory$DuplicateJsonObjectContextCustomizer : 

Found multiple occurrences of org.json.JSONObject on the class path:

	jar:file:/C:/Users/hyuk0/.gradle/caches/modules-2/files-2.1/org.json/json/20140107/d1ffca6e2482b002702c6a576166fd685e3370e3/json-20140107.jar!/org/json/JSONObject.class
	jar:file:/C:/Users/hyuk0/.gradle/caches/modules-2/files-2.1/com.vaadin.external.google/android-json/0.0.20131108.vaadin1/fa26d351fe62a6a17f5cda1287c1c6110dec413f/android-json-0.0.20131108.vaadin1.jar!/org/json/JSONObject.class

You may wish to exclude one of them to ensure predictable runtime behaviour
 
2017:08:29 15:45:55.261 INFO  --- [Test worker] o.b.h.HealthcareKihasaDataExtractorApplicationTests : Starting HealthcareKihasaDataExtractorApplicationTests on ANTHONY-KIM with PID 9880 (started by hyuk0 in D:\Development\workspaces\workspace_for_healthcare_integration_platform_splitted\healthcare-kihasa-data-extractor) 
2017:08:29 15:45:55.263 INFO  --- [Test worker] o.b.h.HealthcareKihasaDataExtractorApplicationTests : No active profile set, falling back to default profiles: default 
2017:08:29 15:45:55.298 INFO  --- [Test worker] o.s.w.c.s.GenericWebApplicationContext : Refreshing org.springframework.web.context.support.GenericWebApplicationContext@7f62d893: startup date [Tue Aug 29 15:45:55 KST 2017]; root of context hierarchy 
2017:08:29 15:45:56.090 INFO  --- [Test worker] o.s.b.f.s.DefaultListableBeanFactory : Overriding bean definition for bean 'dataSource' with a different definition: replacing [Root bean: class [null]; scope=; abstract=false; lazyInit=false; autowireMode=3; dependencyCheck=0; autowireCandidate=true; primary=false; factoryBeanName=org.springframework.boot.autoconfigure.jdbc.DataSourceConfiguration$Generic; factoryMethodName=dataSource; initMethodName=null; destroyMethodName=(inferred); defined in class path resource [org/springframework/boot/autoconfigure/jdbc/DataSourceConfiguration$Generic.class]] with [Root bean: class [null]; scope=; abstract=false; lazyInit=false; autowireMode=3; dependencyCheck=0; autowireCandidate=true; primary=false; factoryBeanName=org.springframework.boot.autoconfigure.jdbc.DataSourceConfiguration$Tomcat; factoryMethodName=dataSource; initMethodName=null; destroyMethodName=(inferred); defined in class path resource [org/springframework/boot/autoconfigure/jdbc/DataSourceConfiguration$Tomcat.class]] 
2017:08:29 15:45:56.502 INFO  --- [Test worker] o.s.b.f.a.AutowiredAnnotationBeanPostProcessor : JSR-330 'javax.inject.Inject' annotation found and supported for autowiring 
2017:08:29 15:45:56.553 INFO  --- [Test worker] o.s.c.s.PostProcessorRegistrationDelegate$BeanPostProcessorChecker : Bean 'org.springframework.amqp.rabbit.annotation.RabbitBootstrapConfiguration' of type [org.springframework.amqp.rabbit.annotation.RabbitBootstrapConfiguration$$EnhancerBySpringCGLIB$$2f0b26a8] is not eligible for getting processed by all BeanPostProcessors (for example: not eligible for auto-proxying) 
2017:08:29 15:45:56.615 WARN  --- [Test worker] o.h.v.m.ParameterMessageInterpolator : HV000184: ParameterMessageInterpolator has been chosen, EL interpolation will not be supported 
2017:08:29 15:45:56.891 WARN  --- [Test worker] o.h.v.m.ParameterMessageInterpolator : HV000184: ParameterMessageInterpolator has been chosen, EL interpolation will not be supported 
2017:08:29 15:45:58.076 INFO  --- [Test worker] o.s.w.s.m.m.a.RequestMappingHandlerAdapter : Looking for @ControllerAdvice: org.springframework.web.context.support.GenericWebApplicationContext@7f62d893: startup date [Tue Aug 29 15:45:55 KST 2017]; root of context hierarchy 
2017:08:29 15:45:58.215 INFO  --- [Test worker] o.s.w.s.m.m.a.RequestMappingHandlerMapping : Mapped "{[/extraction/api/dataExtraction],methods=[POST],consumes=[application/json;charset=UTF-8]}" onto public org.bigdatacenter.healthcarekihasadataextractor.domain.extraction.response.ExtractionResponse org.bigdatacenter.healthcarekihasadataextractor.api.DataExtractionController.dataExtraction(org.bigdatacenter.healthcarekihasadataextractor.domain.extraction.parameter.ExtractionParameter,javax.servlet.http.HttpServletResponse) 
2017:08:29 15:45:58.227 INFO  --- [Test worker] o.s.w.s.m.m.a.RequestMappingHandlerMapping : Mapped "{[/error]}" onto public org.springframework.http.ResponseEntity<java.util.Map<java.lang.String, java.lang.Object>> org.springframework.boot.autoconfigure.web.BasicErrorController.error(javax.servlet.http.HttpServletRequest) 
2017:08:29 15:45:58.231 INFO  --- [Test worker] o.s.w.s.m.m.a.RequestMappingHandlerMapping : Mapped "{[/error],produces=[text/html]}" onto public org.springframework.web.servlet.ModelAndView org.springframework.boot.autoconfigure.web.BasicErrorController.errorHtml(javax.servlet.http.HttpServletRequest,javax.servlet.http.HttpServletResponse) 
2017:08:29 15:45:58.302 INFO  --- [Test worker] o.s.w.s.h.SimpleUrlHandlerMapping : Mapped URL path [/webjars/**] onto handler of type [class org.springframework.web.servlet.resource.ResourceHttpRequestHandler] 
2017:08:29 15:45:58.302 INFO  --- [Test worker] o.s.w.s.h.SimpleUrlHandlerMapping : Mapped URL path [/**] onto handler of type [class org.springframework.web.servlet.resource.ResourceHttpRequestHandler] 
2017:08:29 15:45:58.330 INFO  --- [Test worker] o.s.w.s.m.m.a.ExceptionHandlerExceptionResolver : Detected @ExceptionHandler methods in controllerAdviser 
2017:08:29 15:45:58.370 INFO  --- [Test worker] o.s.w.s.h.SimpleUrlHandlerMapping : Mapped URL path [/**/favicon.ico] onto handler of type [class org.springframework.web.servlet.resource.ResourceHttpRequestHandler] 
2017:08:29 15:45:58.812 INFO  --- [Test worker] o.s.c.s.DefaultLifecycleProcessor : Starting beans in phase -2147482648 
2017:08:29 15:45:58.812 INFO  --- [Test worker] o.s.c.s.DefaultLifecycleProcessor : Starting beans in phase 2147483647 
2017:08:29 15:45:59.030 INFO  --- [container-1] o.s.a.r.c.CachingConnectionFactory : Created new connection: rabbitConnectionFactory#ce4323c:0/SimpleConnection@4cb04a4e [delegate=amqp://rabbitmq@1.246.219.220:5672/, localPort= 63488] 
2017:08:29 15:45:59.034 INFO  --- [container-1] o.s.amqp.rabbit.core.RabbitAdmin : Auto-declaring a non-durable, auto-delete, or exclusive Queue (kihasa-extractor-queue) durable:false, auto-delete:false, exclusive:false. It will be redeclared if the broker stops and is restarted while the connection factory is alive, but all messages will be lost. 
2017:08:29 15:45:59.135 INFO  --- [Test worker] o.b.h.HealthcareKihasaDataExtractorApplicationTests : Started HealthcareKihasaDataExtractorApplicationTests in 4.273 seconds (JVM running for 5.595) 
2017:08:29 15:45:59.190 INFO  --- [Thread-5] o.s.w.c.s.GenericWebApplicationContext : Closing org.springframework.web.context.support.GenericWebApplicationContext@7f62d893: startup date [Tue Aug 29 15:45:55 KST 2017]; root of context hierarchy 
2017:08:29 15:45:59.193 INFO  --- [Thread-5] o.s.c.s.DefaultLifecycleProcessor : Stopping beans in phase 2147483647 
2017:08:29 15:45:59.200 INFO  --- [Thread-5] o.s.a.r.l.SimpleMessageListenerContainer : Waiting for workers to finish. 
2017:08:29 15:46:02.133 INFO  --- [Thread-5] o.s.a.r.l.SimpleMessageListenerContainer : Successfully waited for workers to finish. 
2017:08:29 15:46:02.134 INFO  --- [Thread-5] o.s.c.s.DefaultLifecycleProcessor : Stopping beans in phase -2147482648 
