2017:09:07 17:58:30.954 WARN  --- [Test worker] o.s.b.t.j.DuplicateJsonObjectContextCustomizerFactory$DuplicateJsonObjectContextCustomizer : 

Found multiple occurrences of org.json.JSONObject on the class path:

	jar:file:/C:/Users/hyuk0/.gradle/caches/modules-2/files-2.1/org.json/json/20140107/d1ffca6e2482b002702c6a576166fd685e3370e3/json-20140107.jar!/org/json/JSONObject.class
	jar:file:/C:/Users/hyuk0/.gradle/caches/modules-2/files-2.1/com.vaadin.external.google/android-json/0.0.20131108.vaadin1/fa26d351fe62a6a17f5cda1287c1c6110dec413f/android-json-0.0.20131108.vaadin1.jar!/org/json/JSONObject.class

You may wish to exclude one of them to ensure predictable runtime behaviour
 
2017:09:07 17:58:30.971 INFO  --- [Test worker] o.b.h.HealthcareKihasaDataExtractorApplicationTests : Starting HealthcareKihasaDataExtractorApplicationTests on ANTHONY-KIM with PID 21640 (started by hyuk0 in D:\Development\workspaces\workspace_for_healthcare_integration_platform_splitted\healthcare-kihasa-data-extractor) 
2017:09:07 17:58:30.973 INFO  --- [Test worker] o.b.h.HealthcareKihasaDataExtractorApplicationTests : No active profile set, falling back to default profiles: default 
2017:09:07 17:58:31.005 INFO  --- [Test worker] o.s.w.c.s.GenericWebApplicationContext : Refreshing org.springframework.web.context.support.GenericWebApplicationContext@389fcf0e: startup date [Thu Sep 07 17:58:31 KST 2017]; root of context hierarchy 
2017:09:07 17:58:31.771 INFO  --- [Test worker] o.s.b.f.s.DefaultListableBeanFactory : Overriding bean definition for bean 'dataSource' with a different definition: replacing [Root bean: class [null]; scope=; abstract=false; lazyInit=false; autowireMode=3; dependencyCheck=0; autowireCandidate=true; primary=false; factoryBeanName=org.springframework.boot.autoconfigure.jdbc.DataSourceConfiguration$Generic; factoryMethodName=dataSource; initMethodName=null; destroyMethodName=(inferred); defined in class path resource [org/springframework/boot/autoconfigure/jdbc/DataSourceConfiguration$Generic.class]] with [Root bean: class [null]; scope=; abstract=false; lazyInit=false; autowireMode=3; dependencyCheck=0; autowireCandidate=true; primary=false; factoryBeanName=org.springframework.boot.autoconfigure.jdbc.DataSourceConfiguration$Tomcat; factoryMethodName=dataSource; initMethodName=null; destroyMethodName=(inferred); defined in class path resource [org/springframework/boot/autoconfigure/jdbc/DataSourceConfiguration$Tomcat.class]] 
2017:09:07 17:58:32.148 INFO  --- [Test worker] o.s.b.f.a.AutowiredAnnotationBeanPostProcessor : JSR-330 'javax.inject.Inject' annotation found and supported for autowiring 
2017:09:07 17:58:32.186 INFO  --- [Test worker] o.s.c.s.PostProcessorRegistrationDelegate$BeanPostProcessorChecker : Bean 'org.springframework.amqp.rabbit.annotation.RabbitBootstrapConfiguration' of type [org.springframework.amqp.rabbit.annotation.RabbitBootstrapConfiguration$$EnhancerBySpringCGLIB$$387d396] is not eligible for getting processed by all BeanPostProcessors (for example: not eligible for auto-proxying) 
2017:09:07 17:58:32.229 WARN  --- [Test worker] o.h.v.m.ParameterMessageInterpolator : HV000184: ParameterMessageInterpolator has been chosen, EL interpolation will not be supported 
2017:09:07 17:58:32.497 WARN  --- [Test worker] o.h.v.m.ParameterMessageInterpolator : HV000184: ParameterMessageInterpolator has been chosen, EL interpolation will not be supported 
2017:09:07 17:58:33.651 INFO  --- [Test worker] o.s.w.s.m.m.a.RequestMappingHandlerAdapter : Looking for @ControllerAdvice: org.springframework.web.context.support.GenericWebApplicationContext@389fcf0e: startup date [Thu Sep 07 17:58:31 KST 2017]; root of context hierarchy 
2017:09:07 17:58:33.741 INFO  --- [Test worker] o.s.w.s.m.m.a.RequestMappingHandlerMapping : Mapped "{[/extraction/api/dataExtraction],methods=[POST],consumes=[application/json;charset=UTF-8]}" onto public org.bigdatacenter.healthcarekihasadataextractor.domain.extraction.response.ExtractionResponse org.bigdatacenter.healthcarekihasadataextractor.api.DataExtractionController.dataExtraction(org.bigdatacenter.healthcarekihasadataextractor.domain.extraction.parameter.ExtractionParameter,javax.servlet.http.HttpServletResponse) 
2017:09:07 17:58:33.746 INFO  --- [Test worker] o.s.w.s.m.m.a.RequestMappingHandlerMapping : Mapped "{[/error]}" onto public org.springframework.http.ResponseEntity<java.util.Map<java.lang.String, java.lang.Object>> org.springframework.boot.autoconfigure.web.BasicErrorController.error(javax.servlet.http.HttpServletRequest) 
2017:09:07 17:58:33.747 INFO  --- [Test worker] o.s.w.s.m.m.a.RequestMappingHandlerMapping : Mapped "{[/error],produces=[text/html]}" onto public org.springframework.web.servlet.ModelAndView org.springframework.boot.autoconfigure.web.BasicErrorController.errorHtml(javax.servlet.http.HttpServletRequest,javax.servlet.http.HttpServletResponse) 
2017:09:07 17:58:33.816 INFO  --- [Test worker] o.s.w.s.h.SimpleUrlHandlerMapping : Mapped URL path [/webjars/**] onto handler of type [class org.springframework.web.servlet.resource.ResourceHttpRequestHandler] 
2017:09:07 17:58:33.817 INFO  --- [Test worker] o.s.w.s.h.SimpleUrlHandlerMapping : Mapped URL path [/**] onto handler of type [class org.springframework.web.servlet.resource.ResourceHttpRequestHandler] 
2017:09:07 17:58:33.845 INFO  --- [Test worker] o.s.w.s.m.m.a.ExceptionHandlerExceptionResolver : Detected @ExceptionHandler methods in controllerAdviser 
2017:09:07 17:58:33.882 INFO  --- [Test worker] o.s.w.s.h.SimpleUrlHandlerMapping : Mapped URL path [/**/favicon.ico] onto handler of type [class org.springframework.web.servlet.resource.ResourceHttpRequestHandler] 
2017:09:07 17:58:34.312 INFO  --- [Test worker] o.s.c.s.DefaultLifecycleProcessor : Starting beans in phase -2147482648 
2017:09:07 17:58:34.313 INFO  --- [Test worker] o.s.c.s.DefaultLifecycleProcessor : Starting beans in phase 2147483647 
2017:09:07 17:58:34.511 INFO  --- [container-1] o.s.a.r.c.CachingConnectionFactory : Created new connection: rabbitConnectionFactory#6ec3a2a4:0/SimpleConnection@6b94ca73 [delegate=amqp://rabbitmq@1.246.219.220:5672/, localPort= 56766] 
2017:09:07 17:58:34.515 INFO  --- [container-1] o.s.amqp.rabbit.core.RabbitAdmin : Auto-declaring a non-durable, auto-delete, or exclusive Queue (kihasa-extractor-queue) durable:false, auto-delete:false, exclusive:false. It will be redeclared if the broker stops and is restarted while the connection factory is alive, but all messages will be lost. 
2017:09:07 17:58:34.598 INFO  --- [Test worker] o.b.h.HealthcareKihasaDataExtractorApplicationTests : Started HealthcareKihasaDataExtractorApplicationTests in 4.006 seconds (JVM running for 5.497) 
2017:09:07 17:58:34.663 INFO  --- [Thread-5] o.s.w.c.s.GenericWebApplicationContext : Closing org.springframework.web.context.support.GenericWebApplicationContext@389fcf0e: startup date [Thu Sep 07 17:58:31 KST 2017]; root of context hierarchy 
2017:09:07 17:58:34.666 INFO  --- [Thread-5] o.s.c.s.DefaultLifecycleProcessor : Stopping beans in phase 2147483647 
2017:09:07 17:58:34.682 INFO  --- [Thread-5] o.s.a.r.l.SimpleMessageListenerContainer : Waiting for workers to finish. 
2017:09:07 17:58:37.592 INFO  --- [Thread-5] o.s.a.r.l.SimpleMessageListenerContainer : Successfully waited for workers to finish. 
2017:09:07 17:58:37.593 INFO  --- [Thread-5] o.s.c.s.DefaultLifecycleProcessor : Stopping beans in phase -2147482648 
