2017:09:05 12:09:51.685 WARN  --- [Test worker] o.s.b.t.j.DuplicateJsonObjectContextCustomizerFactory$DuplicateJsonObjectContextCustomizer : 

Found multiple occurrences of org.json.JSONObject on the class path:

	jar:file:/C:/Users/hyuk0/.gradle/caches/modules-2/files-2.1/org.json/json/20140107/d1ffca6e2482b002702c6a576166fd685e3370e3/json-20140107.jar!/org/json/JSONObject.class
	jar:file:/C:/Users/hyuk0/.gradle/caches/modules-2/files-2.1/com.vaadin.external.google/android-json/0.0.20131108.vaadin1/fa26d351fe62a6a17f5cda1287c1c6110dec413f/android-json-0.0.20131108.vaadin1.jar!/org/json/JSONObject.class

You may wish to exclude one of them to ensure predictable runtime behaviour
 
2017:09:05 12:09:51.706 INFO  --- [Test worker] o.b.h.HealthcareKihasaDataExtractorApplicationTests : Starting HealthcareKihasaDataExtractorApplicationTests on ANTHONY-KIM with PID 17696 (started by hyuk0 in D:\Development\workspaces\workspace_for_healthcare_integration_platform_splitted\healthcare-kihasa-data-extractor) 
2017:09:05 12:09:51.709 INFO  --- [Test worker] o.b.h.HealthcareKihasaDataExtractorApplicationTests : No active profile set, falling back to default profiles: default 
2017:09:05 12:09:51.741 INFO  --- [Test worker] o.s.w.c.s.GenericWebApplicationContext : Refreshing org.springframework.web.context.support.GenericWebApplicationContext@9c9f89d: startup date [Tue Sep 05 12:09:51 KST 2017]; root of context hierarchy 
2017:09:05 12:09:52.457 INFO  --- [Test worker] o.s.b.f.s.DefaultListableBeanFactory : Overriding bean definition for bean 'dataSource' with a different definition: replacing [Root bean: class [null]; scope=; abstract=false; lazyInit=false; autowireMode=3; dependencyCheck=0; autowireCandidate=true; primary=false; factoryBeanName=org.springframework.boot.autoconfigure.jdbc.DataSourceConfiguration$Generic; factoryMethodName=dataSource; initMethodName=null; destroyMethodName=(inferred); defined in class path resource [org/springframework/boot/autoconfigure/jdbc/DataSourceConfiguration$Generic.class]] with [Root bean: class [null]; scope=; abstract=false; lazyInit=false; autowireMode=3; dependencyCheck=0; autowireCandidate=true; primary=false; factoryBeanName=org.springframework.boot.autoconfigure.jdbc.DataSourceConfiguration$Tomcat; factoryMethodName=dataSource; initMethodName=null; destroyMethodName=(inferred); defined in class path resource [org/springframework/boot/autoconfigure/jdbc/DataSourceConfiguration$Tomcat.class]] 
2017:09:05 12:09:52.917 INFO  --- [Test worker] o.s.b.f.a.AutowiredAnnotationBeanPostProcessor : JSR-330 'javax.inject.Inject' annotation found and supported for autowiring 
2017:09:05 12:09:52.972 INFO  --- [Test worker] o.s.c.s.PostProcessorRegistrationDelegate$BeanPostProcessorChecker : Bean 'org.springframework.amqp.rabbit.annotation.RabbitBootstrapConfiguration' of type [org.springframework.amqp.rabbit.annotation.RabbitBootstrapConfiguration$$EnhancerBySpringCGLIB$$8f866f3d] is not eligible for getting processed by all BeanPostProcessors (for example: not eligible for auto-proxying) 
2017:09:05 12:09:53.033 WARN  --- [Test worker] o.h.v.m.ParameterMessageInterpolator : HV000184: ParameterMessageInterpolator has been chosen, EL interpolation will not be supported 
2017:09:05 12:09:53.354 WARN  --- [Test worker] o.h.v.m.ParameterMessageInterpolator : HV000184: ParameterMessageInterpolator has been chosen, EL interpolation will not be supported 
2017:09:05 12:09:54.405 INFO  --- [Test worker] o.s.w.s.m.m.a.RequestMappingHandlerAdapter : Looking for @ControllerAdvice: org.springframework.web.context.support.GenericWebApplicationContext@9c9f89d: startup date [Tue Sep 05 12:09:51 KST 2017]; root of context hierarchy 
2017:09:05 12:09:54.498 INFO  --- [Test worker] o.s.w.s.m.m.a.RequestMappingHandlerMapping : Mapped "{[/extraction/api/dataExtraction],methods=[POST],consumes=[application/json;charset=UTF-8]}" onto public org.bigdatacenter.healthcarekihasadataextractor.domain.extraction.response.ExtractionResponse org.bigdatacenter.healthcarekihasadataextractor.api.DataExtractionController.dataExtraction(org.bigdatacenter.healthcarekihasadataextractor.domain.extraction.parameter.ExtractionParameter,javax.servlet.http.HttpServletResponse) 
2017:09:05 12:09:54.503 INFO  --- [Test worker] o.s.w.s.m.m.a.RequestMappingHandlerMapping : Mapped "{[/error]}" onto public org.springframework.http.ResponseEntity<java.util.Map<java.lang.String, java.lang.Object>> org.springframework.boot.autoconfigure.web.BasicErrorController.error(javax.servlet.http.HttpServletRequest) 
2017:09:05 12:09:54.504 INFO  --- [Test worker] o.s.w.s.m.m.a.RequestMappingHandlerMapping : Mapped "{[/error],produces=[text/html]}" onto public org.springframework.web.servlet.ModelAndView org.springframework.boot.autoconfigure.web.BasicErrorController.errorHtml(javax.servlet.http.HttpServletRequest,javax.servlet.http.HttpServletResponse) 
2017:09:05 12:09:54.573 INFO  --- [Test worker] o.s.w.s.h.SimpleUrlHandlerMapping : Mapped URL path [/webjars/**] onto handler of type [class org.springframework.web.servlet.resource.ResourceHttpRequestHandler] 
2017:09:05 12:09:54.574 INFO  --- [Test worker] o.s.w.s.h.SimpleUrlHandlerMapping : Mapped URL path [/**] onto handler of type [class org.springframework.web.servlet.resource.ResourceHttpRequestHandler] 
2017:09:05 12:09:54.598 INFO  --- [Test worker] o.s.w.s.m.m.a.ExceptionHandlerExceptionResolver : Detected @ExceptionHandler methods in controllerAdviser 
2017:09:05 12:09:54.634 INFO  --- [Test worker] o.s.w.s.h.SimpleUrlHandlerMapping : Mapped URL path [/**/favicon.ico] onto handler of type [class org.springframework.web.servlet.resource.ResourceHttpRequestHandler] 
2017:09:05 12:09:55.065 INFO  --- [Test worker] o.s.c.s.DefaultLifecycleProcessor : Starting beans in phase -2147482648 
2017:09:05 12:09:55.065 INFO  --- [Test worker] o.s.c.s.DefaultLifecycleProcessor : Starting beans in phase 2147483647 
2017:09:05 12:09:55.256 INFO  --- [container-1] o.s.a.r.c.CachingConnectionFactory : Created new connection: rabbitConnectionFactory#6ec3a2a4:0/SimpleConnection@6b94ca73 [delegate=amqp://rabbitmq@1.246.219.220:5672/, localPort= 51082] 
2017:09:05 12:09:55.260 INFO  --- [container-1] o.s.amqp.rabbit.core.RabbitAdmin : Auto-declaring a non-durable, auto-delete, or exclusive Queue (kihasa-extractor-queue) durable:false, auto-delete:false, exclusive:false. It will be redeclared if the broker stops and is restarted while the connection factory is alive, but all messages will be lost. 
2017:09:05 12:09:55.328 INFO  --- [Test worker] o.b.h.HealthcareKihasaDataExtractorApplicationTests : Started HealthcareKihasaDataExtractorApplicationTests in 4.078 seconds (JVM running for 5.59) 
2017:09:05 12:09:55.384 INFO  --- [Thread-5] o.s.w.c.s.GenericWebApplicationContext : Closing org.springframework.web.context.support.GenericWebApplicationContext@9c9f89d: startup date [Tue Sep 05 12:09:51 KST 2017]; root of context hierarchy 
2017:09:05 12:09:55.387 INFO  --- [Thread-5] o.s.c.s.DefaultLifecycleProcessor : Stopping beans in phase 2147483647 
2017:09:05 12:09:55.394 INFO  --- [Thread-5] o.s.a.r.l.SimpleMessageListenerContainer : Waiting for workers to finish. 
2017:09:05 12:09:58.329 INFO  --- [Thread-5] o.s.a.r.l.SimpleMessageListenerContainer : Successfully waited for workers to finish. 
2017:09:05 12:09:58.333 INFO  --- [Thread-5] o.s.c.s.DefaultLifecycleProcessor : Stopping beans in phase -2147482648 
2017:09:05 15:00:17.228 WARN  --- [Test worker] o.s.b.t.j.DuplicateJsonObjectContextCustomizerFactory$DuplicateJsonObjectContextCustomizer : 

Found multiple occurrences of org.json.JSONObject on the class path:

	jar:file:/C:/Users/hyuk0/.gradle/caches/modules-2/files-2.1/org.json/json/20140107/d1ffca6e2482b002702c6a576166fd685e3370e3/json-20140107.jar!/org/json/JSONObject.class
	jar:file:/C:/Users/hyuk0/.gradle/caches/modules-2/files-2.1/com.vaadin.external.google/android-json/0.0.20131108.vaadin1/fa26d351fe62a6a17f5cda1287c1c6110dec413f/android-json-0.0.20131108.vaadin1.jar!/org/json/JSONObject.class

You may wish to exclude one of them to ensure predictable runtime behaviour
 
2017:09:05 15:00:17.249 INFO  --- [Test worker] o.b.h.HealthcareKihasaDataExtractorApplicationTests : Starting HealthcareKihasaDataExtractorApplicationTests on ANTHONY-KIM with PID 12424 (started by hyuk0 in D:\Development\workspaces\workspace_for_healthcare_integration_platform_splitted\healthcare-kihasa-data-extractor) 
2017:09:05 15:00:17.250 INFO  --- [Test worker] o.b.h.HealthcareKihasaDataExtractorApplicationTests : No active profile set, falling back to default profiles: default 
2017:09:05 15:00:17.278 INFO  --- [Test worker] o.s.w.c.s.GenericWebApplicationContext : Refreshing org.springframework.web.context.support.GenericWebApplicationContext@7f62d893: startup date [Tue Sep 05 15:00:17 KST 2017]; root of context hierarchy 
2017:09:05 15:00:18.007 INFO  --- [Test worker] o.s.b.f.s.DefaultListableBeanFactory : Overriding bean definition for bean 'dataSource' with a different definition: replacing [Root bean: class [null]; scope=; abstract=false; lazyInit=false; autowireMode=3; dependencyCheck=0; autowireCandidate=true; primary=false; factoryBeanName=org.springframework.boot.autoconfigure.jdbc.DataSourceConfiguration$Generic; factoryMethodName=dataSource; initMethodName=null; destroyMethodName=(inferred); defined in class path resource [org/springframework/boot/autoconfigure/jdbc/DataSourceConfiguration$Generic.class]] with [Root bean: class [null]; scope=; abstract=false; lazyInit=false; autowireMode=3; dependencyCheck=0; autowireCandidate=true; primary=false; factoryBeanName=org.springframework.boot.autoconfigure.jdbc.DataSourceConfiguration$Tomcat; factoryMethodName=dataSource; initMethodName=null; destroyMethodName=(inferred); defined in class path resource [org/springframework/boot/autoconfigure/jdbc/DataSourceConfiguration$Tomcat.class]] 
2017:09:05 15:00:18.392 INFO  --- [Test worker] o.s.b.f.a.AutowiredAnnotationBeanPostProcessor : JSR-330 'javax.inject.Inject' annotation found and supported for autowiring 
2017:09:05 15:00:18.434 INFO  --- [Test worker] o.s.c.s.PostProcessorRegistrationDelegate$BeanPostProcessorChecker : Bean 'org.springframework.amqp.rabbit.annotation.RabbitBootstrapConfiguration' of type [org.springframework.amqp.rabbit.annotation.RabbitBootstrapConfiguration$$EnhancerBySpringCGLIB$$fc4a72eb] is not eligible for getting processed by all BeanPostProcessors (for example: not eligible for auto-proxying) 
2017:09:05 15:00:18.475 WARN  --- [Test worker] o.h.v.m.ParameterMessageInterpolator : HV000184: ParameterMessageInterpolator has been chosen, EL interpolation will not be supported 
2017:09:05 15:00:18.730 WARN  --- [Test worker] o.h.v.m.ParameterMessageInterpolator : HV000184: ParameterMessageInterpolator has been chosen, EL interpolation will not be supported 
2017:09:05 15:00:19.807 INFO  --- [Test worker] o.s.w.s.m.m.a.RequestMappingHandlerAdapter : Looking for @ControllerAdvice: org.springframework.web.context.support.GenericWebApplicationContext@7f62d893: startup date [Tue Sep 05 15:00:17 KST 2017]; root of context hierarchy 
2017:09:05 15:00:19.918 INFO  --- [Test worker] o.s.w.s.m.m.a.RequestMappingHandlerMapping : Mapped "{[/extraction/api/dataExtraction],methods=[POST],consumes=[application/json;charset=UTF-8]}" onto public org.bigdatacenter.healthcarekihasadataextractor.domain.extraction.response.ExtractionResponse org.bigdatacenter.healthcarekihasadataextractor.api.DataExtractionController.dataExtraction(org.bigdatacenter.healthcarekihasadataextractor.domain.extraction.parameter.ExtractionParameter,javax.servlet.http.HttpServletResponse) 
2017:09:05 15:00:19.922 INFO  --- [Test worker] o.s.w.s.m.m.a.RequestMappingHandlerMapping : Mapped "{[/error]}" onto public org.springframework.http.ResponseEntity<java.util.Map<java.lang.String, java.lang.Object>> org.springframework.boot.autoconfigure.web.BasicErrorController.error(javax.servlet.http.HttpServletRequest) 
2017:09:05 15:00:19.924 INFO  --- [Test worker] o.s.w.s.m.m.a.RequestMappingHandlerMapping : Mapped "{[/error],produces=[text/html]}" onto public org.springframework.web.servlet.ModelAndView org.springframework.boot.autoconfigure.web.BasicErrorController.errorHtml(javax.servlet.http.HttpServletRequest,javax.servlet.http.HttpServletResponse) 
2017:09:05 15:00:19.984 INFO  --- [Test worker] o.s.w.s.h.SimpleUrlHandlerMapping : Mapped URL path [/webjars/**] onto handler of type [class org.springframework.web.servlet.resource.ResourceHttpRequestHandler] 
2017:09:05 15:00:19.984 INFO  --- [Test worker] o.s.w.s.h.SimpleUrlHandlerMapping : Mapped URL path [/**] onto handler of type [class org.springframework.web.servlet.resource.ResourceHttpRequestHandler] 
2017:09:05 15:00:20.013 INFO  --- [Test worker] o.s.w.s.m.m.a.ExceptionHandlerExceptionResolver : Detected @ExceptionHandler methods in controllerAdviser 
2017:09:05 15:00:20.050 INFO  --- [Test worker] o.s.w.s.h.SimpleUrlHandlerMapping : Mapped URL path [/**/favicon.ico] onto handler of type [class org.springframework.web.servlet.resource.ResourceHttpRequestHandler] 
2017:09:05 15:00:20.468 INFO  --- [Test worker] o.s.c.s.DefaultLifecycleProcessor : Starting beans in phase -2147482648 
2017:09:05 15:00:20.469 INFO  --- [Test worker] o.s.c.s.DefaultLifecycleProcessor : Starting beans in phase 2147483647 
2017:09:05 15:00:20.655 INFO  --- [container-1] o.s.a.r.c.CachingConnectionFactory : Created new connection: rabbitConnectionFactory#24bddac9:0/SimpleConnection@544f772a [delegate=amqp://rabbitmq@1.246.219.220:5672/, localPort= 54165] 
2017:09:05 15:00:20.660 INFO  --- [container-1] o.s.amqp.rabbit.core.RabbitAdmin : Auto-declaring a non-durable, auto-delete, or exclusive Queue (kihasa-extractor-queue) durable:false, auto-delete:false, exclusive:false. It will be redeclared if the broker stops and is restarted while the connection factory is alive, but all messages will be lost. 
2017:09:05 15:00:20.748 INFO  --- [Test worker] o.b.h.HealthcareKihasaDataExtractorApplicationTests : Started HealthcareKihasaDataExtractorApplicationTests in 3.941 seconds (JVM running for 5.248) 
2017:09:05 15:00:20.815 INFO  --- [Thread-5] o.s.w.c.s.GenericWebApplicationContext : Closing org.springframework.web.context.support.GenericWebApplicationContext@7f62d893: startup date [Tue Sep 05 15:00:17 KST 2017]; root of context hierarchy 
2017:09:05 15:00:20.818 INFO  --- [Thread-5] o.s.c.s.DefaultLifecycleProcessor : Stopping beans in phase 2147483647 
2017:09:05 15:00:20.826 INFO  --- [Thread-5] o.s.a.r.l.SimpleMessageListenerContainer : Waiting for workers to finish. 
2017:09:05 15:00:23.741 INFO  --- [Thread-5] o.s.a.r.l.SimpleMessageListenerContainer : Successfully waited for workers to finish. 
2017:09:05 15:00:23.743 INFO  --- [Thread-5] o.s.c.s.DefaultLifecycleProcessor : Stopping beans in phase -2147482648 
